2016-11-09 0:57:46 - PHP Warning:  Invalid argument supplied for foreach() in C:\wamp64\www\openCart\system\engine\loader.php on line 53
2016-11-09 0:58:44 - PHP Warning:  Invalid argument supplied for foreach() in C:\wamp64\www\openCart\system\engine\loader.php on line 53
2016-11-09 1:02:09 - PHP Warning:  Invalid argument supplied for foreach() in C:\wamp64\www\openCart\system\engine\loader.php on line 53
2016-11-09 1:05:04 - PHP Warning:  Invalid argument supplied for foreach() in C:\wamp64\www\openCart\system\engine\loader.php on line 53
2016-11-09 1:05:53 - PHP Warning:  Invalid argument supplied for foreach() in C:\wamp64\www\openCart\system\engine\loader.php on line 53
2016-11-09 1:07:16 - PHP Warning:  Invalid argument supplied for foreach() in C:\wamp64\www\openCart\system\engine\loader.php on line 53
2016-11-09 1:08:22 - PHP Warning:  Invalid argument supplied for foreach() in C:\wamp64\www\openCart\system\engine\loader.php on line 53
2016-11-09 1:12:43 - PHP Warning:  Invalid argument supplied for foreach() in C:\wamp64\www\openCart\system\engine\loader.php on line 52
2016-11-09 1:22:23 - PHP Warning:  Invalid argument supplied for foreach() in C:\wamp64\www\openCart\system\engine\loader.php on line 52
2016-11-09 1:23:18 - PHP Warning:  Invalid argument supplied for foreach() in C:\wamp64\www\openCart\system\engine\loader.php on line 53
2016-11-09 1:23:39 - PHP Warning:  Invalid argument supplied for foreach() in C:\wamp64\www\openCart\system\engine\loader.php on line 53
2016-11-09 1:24:27 - PHP Warning:  Invalid argument supplied for foreach() in C:\wamp64\www\openCart\system\engine\loader.php on line 53
2016-11-09 1:25:34 - PHP Warning:  Invalid argument supplied for foreach() in C:\wamp64\www\openCart\system\engine\loader.php on line 54
2016-11-09 1:26:09 - PHP Warning:  Invalid argument supplied for foreach() in C:\wamp64\www\openCart\system\engine\loader.php on line 54
2016-11-09 1:27:21 - PHP Warning:  Invalid argument supplied for foreach() in C:\wamp64\www\openCart\system\engine\loader.php on line 54
2016-11-09 1:46:03 - PHP Notice:  Undefined variable: shipping_method in C:\wamp64\www\openCart\catalog\view\theme\default\template\checkout\shipping_method.tpl on line 4
2016-11-09 1:50:01 - PHP Notice:  Undefined index: tax_class_id in C:\wamp64\www\openCart\catalog\model\extension\total\shipping.php on line 12
2016-11-09 1:50:06 - PHP Notice:  Undefined index: tax_class_id in C:\wamp64\www\openCart\catalog\model\extension\total\shipping.php on line 12
2016-11-09 1:50:13 - PHP Notice:  Undefined index: tax_class_id in C:\wamp64\www\openCart\catalog\model\extension\total\shipping.php on line 12
2016-11-09 1:50:24 - PHP Notice:  Undefined index: tax_class_id in C:\wamp64\www\openCart\catalog\model\extension\total\shipping.php on line 12
2016-11-09 1:52:34 - PHP Notice:  Undefined index: tax_class_id in C:\wamp64\www\openCart\catalog\model\extension\total\shipping.php on line 12
2016-11-09 1:55:25 - PHP Notice:  Undefined index: tax_class_id in C:\wamp64\www\openCart\catalog\model\extension\total\shipping.php on line 12
2016-11-09 2:15:46 - PHP Warning:  mail(): Failed to connect to mailserver at &quot;localhost&quot; port 25, verify your &quot;SMTP&quot; and &quot;smtp_port&quot; setting in php.ini or use ini_set() in C:\wamp64\www\openCart\system\library\mail.php on line 158
2016-11-09 2:15:47 - PHP Warning:  mail(): Failed to connect to mailserver at &quot;localhost&quot; port 25, verify your &quot;SMTP&quot; and &quot;smtp_port&quot; setting in php.ini or use ini_set() in C:\wamp64\www\openCart\system\library\mail.php on line 158
2016-11-09 4:27:36 - PHP Warning:  Invalid argument supplied for foreach() in C:\wamp64\www\openCart\system\engine\loader.php on line 53
2016-11-09 4:28:10 - PHP Notice:  Undefined index: id in C:\wamp64\www\openCart\catalog\model\extension\payment\cod_xlogistics.php on line 7
2016-11-09 5:58:21 - PHP Warning:  mail(): Failed to connect to mailserver at &quot;localhost&quot; port 25, verify your &quot;SMTP&quot; and &quot;smtp_port&quot; setting in php.ini or use ini_set() in C:\wamp64\www\openCart\system\library\mail.php on line 158
2016-11-09 7:05:56 - PHP Warning:  mail(): Failed to connect to mailserver at &quot;localhost&quot; port 25, verify your &quot;SMTP&quot; and &quot;smtp_port&quot; setting in php.ini or use ini_set() in C:\wamp64\www\openCart\system\library\mail.php on line 158
2016-11-09 7:05:57 - PHP Warning:  mail(): Failed to connect to mailserver at &quot;localhost&quot; port 25, verify your &quot;SMTP&quot; and &quot;smtp_port&quot; setting in php.ini or use ini_set() in C:\wamp64\www\openCart\system\library\mail.php on line 158
2016-11-09 7:05:58 - PHP Warning:  mail(): Failed to connect to mailserver at &quot;localhost&quot; port 25, verify your &quot;SMTP&quot; and &quot;smtp_port&quot; setting in php.ini or use ini_set() in C:\wamp64\www\openCart\system\library\mail.php on line 158
2016-11-09 8:16:50 - PHP Notice:  Undefined index: tst_payment_method in C:\wamp64\www\openCart\catalog\model\extension\total\tst_payment_method.php on line 19
